Copyright 1986-2014 Xilinx, Inc. All Rights Reserved.
---------------------------------------------------------------------------------------
| Tool Version     : Vivado v.2014.2 (win64) Build 932637 Wed Jun 11 13:33:10 MDT 2014
| Date             : Thu May 24 15:30:05 2018
| Host             : LAPTOP-QPRR3A3L running 64-bit major release  (build 9200)
| Command          : 
| Design           : display_cpu
| Device           : xc7a35tcpg236-1
| Design State     : Routed
| Grade            : commercial
| Process          : typical
| Characterization : Production
---------------------------------------------------------------------------------------

Power Report

Table of Contents
-----------------
1. Summary
1.1 On-Chip Components
1.2 Power Supply Summary
1.3 Confidence Level
2. Settings
2.1 Environment
2.2 Clock Constraints
3. Detailed Reports
3.1 By Hierarchy

1. Summary
----------

+--------------------------+-------+
| Total On-Chip Power (W)  | 5.209 |
| Dynamic (W)              | 5.117 |
| Device Static (W)        | 0.091 |
| Effective TJA (C/W)      | 5.0   |
| Max Ambient (C)          | 59.0  |
| Junction Temperature (C) | 51.0  |
| Confidence Level         | Low   |
| Setting File             | ---   |
| Simulation Activity File | ---   |
| Design Nets Matched      | NA    |
+--------------------------+-------+


1.1 On-Chip Components
----------------------

+--------------------------+-----------+----------+-----------+-----------------+
| On-Chip                  | Power (W) | Used     | Available | Utilization (%) |
+--------------------------+-----------+----------+-----------+-----------------+
| Slice Logic              |     0.457 |     2678 |       --- |             --- |
|   LUT as Logic           |     0.422 |     1696 |     20800 |            8.15 |
|   CARRY4                 |     0.015 |       67 |      8150 |            0.82 |
|   Register               |     0.008 |      376 |     41600 |            0.90 |
|   BUFG                   |     0.006 |        2 |        32 |            6.25 |
|   LUT as Distributed RAM |     0.004 |       48 |      9600 |            0.50 |
|   F7/F8 Muxes            |     0.003 |      135 |     32600 |            0.41 |
|   Others                 |     0.000 |       16 |       --- |             --- |
| Signals                  |     0.552 |     2292 |       --- |             --- |
| I/O                      |     4.108 |       18 |       106 |           16.98 |
| Static Power             |     0.091 |          |           |                 |
| Total                    |     5.209 |          |           |                 |
+--------------------------+-----------+----------+-----------+-----------------+


1.2 Power Supply Summary
------------------------

+-----------+-------------+-----------+-------------+------------+
| Source    | Voltage (V) | Total (A) | Dynamic (A) | Static (A) |
+-----------+-------------+-----------+-------------+------------+
| Vccint    |       1.000 |     1.047 |       1.021 |      0.026 |
| Vccaux    |       1.800 |     0.164 |       0.150 |      0.014 |
| Vcco33    |       3.300 |     1.160 |       1.159 |      0.001 |
| Vcco25    |       2.500 |     0.000 |       0.000 |      0.000 |
| Vcco18    |       1.800 |     0.000 |       0.000 |      0.000 |
| Vcco15    |       1.500 |     0.000 |       0.000 |      0.000 |
| Vcco135   |       1.350 |     0.000 |       0.000 |      0.000 |
| Vcco12    |       1.200 |     0.000 |       0.000 |      0.000 |
| Vccaux_io |       0.000 |     0.000 |       0.000 |      0.000 |
| Vccbram   |       1.000 |     0.000 |       0.000 |      0.000 |
| MGTAVcc   |       1.000 |     0.000 |       0.000 |      0.000 |
| MGTAVtt   |       1.200 |     0.000 |       0.000 |      0.000 |
| Vccadc    |       1.800 |     0.020 |       0.000 |      0.020 |
+-----------+-------------+-----------+-------------+------------+


1.3 Confidence Level
--------------------

+-----------------------------+------------+--------------------------------------------------------+--------------------------------------------------------------------------------------------------------------------+
| User Input Data             | Confidence | Details                                                | Action                                                                                                             |
+-----------------------------+------------+--------------------------------------------------------+--------------------------------------------------------------------------------------------------------------------+
| Design implementation state | High       | Design is routed                                       |                                                                                                                    |
| Clock nodes activity        | Low        | User specified less than 75% of clocks                 | Provide missing clock activity with a constraint file, simulation results or by editing the "By Clock Domain" view |
| I/O nodes activity          | Low        | More than 75% of inputs are missing user specification | Provide missing input activity with simulation results or by editing the "By Resource Type -> I/Os" view           |
| Internal nodes activity     | Medium     | User specified less than 25% of internal nodes         | Provide missing internal nodes activity with simulation results or by editing the "By Resource Type" views         |
| Device models               | High       | Device models are Production                           |                                                                                                                    |
|                             |            |                                                        |                                                                                                                    |
| Overall confidence level    | Low        |                                                        |                                                                                                                    |
+-----------------------------+------------+--------------------------------------------------------+--------------------------------------------------------------------------------------------------------------------+


2. Settings
-----------

2.1 Environment
---------------

+-----------------------+--------------------------+
| Ambient Temp (C)      | 25.0                     |
| ThetaJA (C/W)         | 5.0                      |
| Airflow (LFM)         | 250                      |
| Heat Sink             | medium (Medium Profile)  |
| ThetaSA (C/W)         | 4.6                      |
| Board Selection       | medium (10"x10")         |
| # of Board Layers     | 12to15 (12 to 15 Layers) |
| Board Temperature (C) | 25.0                     |
+-----------------------+--------------------------+


2.2 Clock Constraints
---------------------

+-------+--------+-----------------+
| Clock | Domain | Constraint (ns) |
+-------+--------+-----------------+


3. Detailed Reports
-------------------

3.1 By Hierarchy
----------------

+-----------------------------------+-----------+
| Name                              | Power (W) |
+-----------------------------------+-----------+
| display_cpu                       |     5.117 |
|   U0                              |     0.004 |
|   U1                              |     0.037 |
|   dis                             |     0.009 |
|   f                               |     0.038 |
|   uut                             |     0.874 |
|     Pc                            |     0.388 |
|     alu                           |     0.014 |
|     dataMem                       |     0.338 |
|     mux                           |     0.006 |
|     registerfile                  |     0.129 |
|       registers_reg_r1_0_31_0_5   |     0.006 |
|       registers_reg_r1_0_31_12_17 |     0.007 |
|       registers_reg_r1_0_31_18_23 |     0.011 |
|       registers_reg_r1_0_31_24_29 |     0.006 |
|       registers_reg_r1_0_31_30_31 |    <0.001 |
|       registers_reg_r1_0_31_6_11  |     0.009 |
|       registers_reg_r2_0_31_0_5   |     0.001 |
|       registers_reg_r2_0_31_12_17 |    <0.001 |
|       registers_reg_r2_0_31_18_23 |    <0.001 |
|       registers_reg_r2_0_31_24_29 |    <0.001 |
|       registers_reg_r2_0_31_30_31 |    <0.001 |
|       registers_reg_r2_0_31_6_11  |    <0.001 |
+-----------------------------------+-----------+


